TN:
SF:app.js
FN:12,(anonymous_0)
FN:17,(anonymous_1)
FN:24,(anonymous_2)
FNF:3
FNH:0
FNDA:0,(anonymous_0)
FNDA:0,(anonymous_1)
FNDA:0,(anonymous_2)
DA:2,1
DA:3,1
DA:4,1
DA:5,1
DA:6,1
DA:8,1
DA:9,1
DA:10,1
DA:12,1
DA:13,0
DA:17,1
DA:18,0
DA:19,0
DA:24,1
DA:25,0
DA:27,0
DA:33,1
LF:17
LH:12
BRDA:25,0,0,0
BRDA:25,0,1,0
BRF:2
BRH:0
end_of_record
TN:
SF:db.js
FNF:0
FNH:0
DA:3,1
DA:5,1
DA:7,1
DA:8,1
DA:10,1
LF:5
LH:5
BRDA:5,0,0,1
BRDA:5,0,1,0
BRF:2
BRH:1
end_of_record
TN:
SF:expressError.js
FN:8,(anonymous_0)
FNF:1
FNH:0
FNDA:0,(anonymous_0)
DA:9,0
DA:10,0
DA:11,0
DA:12,0
DA:17,1
LF:5
LH:1
BRF:0
BRH:0
end_of_record
TN:
SF:routes/companies.js
FN:6,(anonymous_0)
FN:15,(anonymous_1)
FN:34,(anonymous_2)
FN:48,(anonymous_3)
FN:62,(anonymous_4)
FN:73,slugifyString
FNF:6
FNH:5
FNDA:1,(anonymous_0)
FNDA:1,(anonymous_1)
FNDA:1,(anonymous_2)
FNDA:0,(anonymous_3)
FNDA:1,(anonymous_4)
FNDA:3,slugifyString
DA:1,1
DA:2,1
DA:3,1
DA:4,1
DA:6,1
DA:7,1
DA:8,1
DA:9,1
DA:11,0
DA:15,1
DA:16,1
DA:17,1
DA:18,1
DA:19,1
DA:23,1
DA:27,1
DA:28,1
DA:30,0
DA:34,1
DA:35,1
DA:36,1
DA:37,1
DA:38,1
DA:42,1
DA:44,0
DA:48,1
DA:49,0
DA:50,0
DA:51,0
DA:52,0
DA:56,0
DA:58,0
DA:62,1
DA:63,1
DA:64,1
DA:67,1
DA:69,0
DA:75,3
DA:76,3
DA:81,3
DA:85,1
LF:41
LH:31
BRF:0
BRH:0
end_of_record
TN:
SF:routes/invoices.js
FN:6,(anonymous_0)
FN:15,(anonymous_1)
FN:25,(anonymous_2)
FN:39,(anonymous_3)
FN:53,(anonymous_4)
FN:64,slugifyString
FNF:6
FNH:5
FNDA:1,(anonymous_0)
FNDA:1,(anonymous_1)
FNDA:1,(anonymous_2)
FNDA:0,(anonymous_3)
FNDA:1,(anonymous_4)
FNDA:2,slugifyString
DA:1,1
DA:2,1
DA:3,1
DA:4,1
DA:6,1
DA:7,1
DA:8,1
DA:9,1
DA:11,0
DA:15,1
DA:16,1
DA:17,1
DA:18,1
DA:19,1
DA:21,0
DA:25,1
DA:26,1
DA:27,1
DA:28,1
DA:29,1
DA:33,1
DA:35,0
DA:39,1
DA:40,0
DA:41,0
DA:42,0
DA:43,0
DA:47,0
DA:49,0
DA:53,1
DA:54,1
DA:55,1
DA:58,1
DA:60,0
DA:66,2
DA:67,2
DA:72,2
DA:76,1
LF:38
LH:28
BRF:0
BRH:0
end_of_record
